App/build-ShowSpace-Android_for_armeabi_v7a_arm64_v8a_x86_x86_64_Clang_Qt_5_14_0_for_Android-Debug/android-build/build/intermediates/manifest_merge_blame_file/debug/manifest-merger-blame-debug-report.txt
1<?xml version="1.0" encoding="utf-8"?>
2<manifest xmlns:android="http://schemas.android.com/apk/res/android"
3    package="org.qtproject.example.ShowSpace"
4    android:installLocation="auto"
5    android:versionCode="1"
6    android:versionName="1.0" >
7
8    <uses-sdk
8-->build-ShowSpace-Android_for_armeabi_v7a_arm64_v8a_x86_x86_64_Clang_Qt_5_14_0_for_Android-Debug\android-build\AndroidManifest.xml:3:5-73
9        android:minSdkVersion="21"
9-->build-ShowSpace-Android_for_armeabi_v7a_arm64_v8a_x86_x86_64_Clang_Qt_5_14_0_for_Android-Debug\android-build\AndroidManifest.xml:3:15-41
10        android:targetSdkVersion="28" />
10-->build-ShowSpace-Android_for_armeabi_v7a_arm64_v8a_x86_x86_64_Clang_Qt_5_14_0_for_Android-Debug\android-build\AndroidManifest.xml:3:42-71
11
12    <!--
13         The following comment will be replaced upon deployment with default permissions based on the dependencies of the application.
14         Remove the comment if you do not require these default permissions.
15    -->
16    <uses-permission android:name="android.permission.ACCESS_NETWORK_STATE" />
16-->build-ShowSpace-Android_for_armeabi_v7a_arm64_v8a_x86_x86_64_Clang_Qt_5_14_0_for_Android-Debug\android-build\AndroidManifest.xml:7:5-79
16-->build-ShowSpace-Android_for_armeabi_v7a_arm64_v8a_x86_x86_64_Clang_Qt_5_14_0_for_Android-Debug\android-build\AndroidManifest.xml:7:22-76
17    <uses-permission android:name="android.permission.CAMERA" />
17-->build-ShowSpace-Android_for_armeabi_v7a_arm64_v8a_x86_x86_64_Clang_Qt_5_14_0_for_Android-Debug\android-build\AndroidManifest.xml:8:5-65
17-->build-ShowSpace-Android_for_armeabi_v7a_arm64_v8a_x86_x86_64_Clang_Qt_5_14_0_for_Android-Debug\android-build\AndroidManifest.xml:8:22-62
18    <uses-permission android:name="android.permission.RECORD_AUDIO" />
18-->build-ShowSpace-Android_for_armeabi_v7a_arm64_v8a_x86_x86_64_Clang_Qt_5_14_0_for_Android-Debug\android-build\AndroidManifest.xml:9:5-71
18-->build-ShowSpace-Android_for_armeabi_v7a_arm64_v8a_x86_x86_64_Clang_Qt_5_14_0_for_Android-Debug\android-build\AndroidManifest.xml:9:22-68
19    <uses-permission android:name="android.permission.INTERNET" />
19-->build-ShowSpace-Android_for_armeabi_v7a_arm64_v8a_x86_x86_64_Clang_Qt_5_14_0_for_Android-Debug\android-build\AndroidManifest.xml:10:5-67
19-->build-ShowSpace-Android_for_armeabi_v7a_arm64_v8a_x86_x86_64_Clang_Qt_5_14_0_for_Android-Debug\android-build\AndroidManifest.xml:10:22-64
20    <uses-permission android:name="android.permission.WRITE_EXTERNAL_STORAGE" />
20-->build-ShowSpace-Android_for_armeabi_v7a_arm64_v8a_x86_x86_64_Clang_Qt_5_14_0_for_Android-Debug\android-build\AndroidManifest.xml:11:5-81
20-->build-ShowSpace-Android_for_armeabi_v7a_arm64_v8a_x86_x86_64_Clang_Qt_5_14_0_for_Android-Debug\android-build\AndroidManifest.xml:11:22-78
21
22    <!--
23         The following comment will be replaced upon deployment with default features based on the dependencies of the application.
24         Remove the comment if you do not require these default features.
25    -->
26    <uses-feature
26-->build-ShowSpace-Android_for_armeabi_v7a_arm64_v8a_x86_x86_64_Clang_Qt_5_14_0_for_Android-Debug\android-build\AndroidManifest.xml:15:5-85
27        android:name="android.hardware.camera"
27-->build-ShowSpace-Android_for_armeabi_v7a_arm64_v8a_x86_x86_64_Clang_Qt_5_14_0_for_Android-Debug\android-build\AndroidManifest.xml:15:19-57
28        android:required="false" />
28-->build-ShowSpace-Android_for_armeabi_v7a_arm64_v8a_x86_x86_64_Clang_Qt_5_14_0_for_Android-Debug\android-build\AndroidManifest.xml:15:58-82
29    <uses-feature
29-->build-ShowSpace-Android_for_armeabi_v7a_arm64_v8a_x86_x86_64_Clang_Qt_5_14_0_for_Android-Debug\android-build\AndroidManifest.xml:16:5-95
30        android:name="android.hardware.camera.autofocus"
30-->build-ShowSpace-Android_for_armeabi_v7a_arm64_v8a_x86_x86_64_Clang_Qt_5_14_0_for_Android-Debug\android-build\AndroidManifest.xml:16:19-67
31        android:required="false" />
31-->build-ShowSpace-Android_for_armeabi_v7a_arm64_v8a_x86_x86_64_Clang_Qt_5_14_0_for_Android-Debug\android-build\AndroidManifest.xml:16:68-92
32    <uses-feature
32-->build-ShowSpace-Android_for_armeabi_v7a_arm64_v8a_x86_x86_64_Clang_Qt_5_14_0_for_Android-Debug\android-build\AndroidManifest.xml:17:5-89
33        android:name="android.hardware.microphone"
33-->build-ShowSpace-Android_for_armeabi_v7a_arm64_v8a_x86_x86_64_Clang_Qt_5_14_0_for_Android-Debug\android-build\AndroidManifest.xml:17:19-61
34        android:required="false" />
34-->build-ShowSpace-Android_for_armeabi_v7a_arm64_v8a_x86_x86_64_Clang_Qt_5_14_0_for_Android-Debug\android-build\AndroidManifest.xml:17:62-86
35
36    <supports-screens
36-->build-ShowSpace-Android_for_armeabi_v7a_arm64_v8a_x86_x86_64_Clang_Qt_5_14_0_for_Android-Debug\android-build\AndroidManifest.xml:19:5-135
37        android:anyDensity="true"
37-->build-ShowSpace-Android_for_armeabi_v7a_arm64_v8a_x86_x86_64_Clang_Qt_5_14_0_for_Android-Debug\android-build\AndroidManifest.xml:19:80-105
38        android:largeScreens="true"
38-->build-ShowSpace-Android_for_armeabi_v7a_arm64_v8a_x86_x86_64_Clang_Qt_5_14_0_for_Android-Debug\android-build\AndroidManifest.xml:19:23-50
39        android:normalScreens="true"
39-->build-ShowSpace-Android_for_armeabi_v7a_arm64_v8a_x86_x86_64_Clang_Qt_5_14_0_for_Android-Debug\android-build\AndroidManifest.xml:19:51-79
40        android:smallScreens="true" />
40-->build-ShowSpace-Android_for_armeabi_v7a_arm64_v8a_x86_x86_64_Clang_Qt_5_14_0_for_Android-Debug\android-build\AndroidManifest.xml:19:106-133
41
42    <application
42-->build-ShowSpace-Android_for_armeabi_v7a_arm64_v8a_x86_x86_64_Clang_Qt_5_14_0_for_Android-Debug\android-build\AndroidManifest.xml:21:5-95:19
43        android:name="org.qtproject.qt5.android.bindings.QtApplication"
43-->build-ShowSpace-Android_for_armeabi_v7a_arm64_v8a_x86_x86_64_Clang_Qt_5_14_0_for_Android-Debug\android-build\AndroidManifest.xml:21:53-116
44        android:debuggable="true"
45        android:extractNativeLibs="true"
45-->build-ShowSpace-Android_for_armeabi_v7a_arm64_v8a_x86_x86_64_Clang_Qt_5_14_0_for_Android-Debug\android-build\AndroidManifest.xml:21:143-175
46        android:hardwareAccelerated="true"
46-->build-ShowSpace-Android_for_armeabi_v7a_arm64_v8a_x86_x86_64_Clang_Qt_5_14_0_for_Android-Debug\android-build\AndroidManifest.xml:21:18-52
47        android:label="ShowSpace" >
47-->build-ShowSpace-Android_for_armeabi_v7a_arm64_v8a_x86_x86_64_Clang_Qt_5_14_0_for_Android-Debug\android-build\AndroidManifest.xml:21:117-142
48        <activity
48-->build-ShowSpace-Android_for_armeabi_v7a_arm64_v8a_x86_x86_64_Clang_Qt_5_14_0_for_Android-Debug\android-build\AndroidManifest.xml:22:9-91:16
49            android:name="org.qtproject.qt5.android.bindings.QtActivity"
49-->build-ShowSpace-Android_for_armeabi_v7a_arm64_v8a_x86_x86_64_Clang_Qt_5_14_0_for_Android-Debug\android-build\AndroidManifest.xml:23:19-79
50            android:configChanges="orientation|uiMode|screenLayout|screenSize|smallestScreenSize|layoutDirection|locale|fontScale|keyboard|keyboardHidden|navigation|mcc|mnc|density"
50-->build-ShowSpace-Android_for_armeabi_v7a_arm64_v8a_x86_x86_64_Clang_Qt_5_14_0_for_Android-Debug\android-build\AndroidManifest.xml:22:19-188
51            android:label="ShowSpace"
51-->build-ShowSpace-Android_for_armeabi_v7a_arm64_v8a_x86_x86_64_Clang_Qt_5_14_0_for_Android-Debug\android-build\AndroidManifest.xml:24:19-44
52            android:launchMode="singleTop"
52-->build-ShowSpace-Android_for_armeabi_v7a_arm64_v8a_x86_x86_64_Clang_Qt_5_14_0_for_Android-Debug\android-build\AndroidManifest.xml:26:19-49
53            android:screenOrientation="unspecified" >
53-->build-ShowSpace-Android_for_armeabi_v7a_arm64_v8a_x86_x86_64_Clang_Qt_5_14_0_for_Android-Debug\android-build\AndroidManifest.xml:25:19-58
54            <intent-filter>
54-->build-ShowSpace-Android_for_armeabi_v7a_arm64_v8a_x86_x86_64_Clang_Qt_5_14_0_for_Android-Debug\android-build\AndroidManifest.xml:27:13-30:29
55                <action android:name="android.intent.action.MAIN" />
55-->build-ShowSpace-Android_for_armeabi_v7a_arm64_v8a_x86_x86_64_Clang_Qt_5_14_0_for_Android-Debug\android-build\AndroidManifest.xml:28:17-68
55-->build-ShowSpace-Android_for_armeabi_v7a_arm64_v8a_x86_x86_64_Clang_Qt_5_14_0_for_Android-Debug\android-build\AndroidManifest.xml:28:25-66
56
57                <category android:name="android.intent.category.LAUNCHER" />
57-->build-ShowSpace-Android_for_armeabi_v7a_arm64_v8a_x86_x86_64_Clang_Qt_5_14_0_for_Android-Debug\android-build\AndroidManifest.xml:29:17-76
57-->build-ShowSpace-Android_for_armeabi_v7a_arm64_v8a_x86_x86_64_Clang_Qt_5_14_0_for_Android-Debug\android-build\AndroidManifest.xml:29:27-74
58            </intent-filter>
59
60            <!-- Application arguments -->
61            <!-- meta-data android:name="android.app.arguments" android:value="arg1 arg2 arg3"/ -->
62            <!-- Application arguments -->
63
64            <meta-data
64-->build-ShowSpace-Android_for_armeabi_v7a_arm64_v8a_x86_x86_64_Clang_Qt_5_14_0_for_Android-Debug\android-build\AndroidManifest.xml:36:13-87
65                android:name="android.app.lib_name"
65-->build-ShowSpace-Android_for_armeabi_v7a_arm64_v8a_x86_x86_64_Clang_Qt_5_14_0_for_Android-Debug\android-build\AndroidManifest.xml:36:24-59
66                android:value="ShowSpace" />
66-->build-ShowSpace-Android_for_armeabi_v7a_arm64_v8a_x86_x86_64_Clang_Qt_5_14_0_for_Android-Debug\android-build\AndroidManifest.xml:36:60-85
67            <meta-data
67-->build-ShowSpace-Android_for_armeabi_v7a_arm64_v8a_x86_x86_64_Clang_Qt_5_14_0_for_Android-Debug\android-build\AndroidManifest.xml:37:13-112
68                android:name="android.app.qt_sources_resource_id"
68-->build-ShowSpace-Android_for_armeabi_v7a_arm64_v8a_x86_x86_64_Clang_Qt_5_14_0_for_Android-Debug\android-build\AndroidManifest.xml:37:24-73
69                android:resource="@array/qt_sources" />
69-->build-ShowSpace-Android_for_armeabi_v7a_arm64_v8a_x86_x86_64_Clang_Qt_5_14_0_for_Android-Debug\android-build\AndroidManifest.xml:37:74-110
70            <meta-data
70-->build-ShowSpace-Android_for_armeabi_v7a_arm64_v8a_x86_x86_64_Clang_Qt_5_14_0_for_Android-Debug\android-build\AndroidManifest.xml:38:13-87
71                android:name="android.app.repository"
71-->build-ShowSpace-Android_for_armeabi_v7a_arm64_v8a_x86_x86_64_Clang_Qt_5_14_0_for_Android-Debug\android-build\AndroidManifest.xml:38:24-61
72                android:value="default" />
72-->build-ShowSpace-Android_for_armeabi_v7a_arm64_v8a_x86_x86_64_Clang_Qt_5_14_0_for_Android-Debug\android-build\AndroidManifest.xml:38:62-85
73            <meta-data
73-->build-ShowSpace-Android_for_armeabi_v7a_arm64_v8a_x86_x86_64_Clang_Qt_5_14_0_for_Android-Debug\android-build\AndroidManifest.xml:39:13-106
74                android:name="android.app.qt_libs_resource_id"
74-->build-ShowSpace-Android_for_armeabi_v7a_arm64_v8a_x86_x86_64_Clang_Qt_5_14_0_for_Android-Debug\android-build\AndroidManifest.xml:39:24-70
75                android:resource="@array/qt_libs" />
75-->build-ShowSpace-Android_for_armeabi_v7a_arm64_v8a_x86_x86_64_Clang_Qt_5_14_0_for_Android-Debug\android-build\AndroidManifest.xml:39:71-104
76            <meta-data
76-->build-ShowSpace-Android_for_armeabi_v7a_arm64_v8a_x86_x86_64_Clang_Qt_5_14_0_for_Android-Debug\android-build\AndroidManifest.xml:40:13-116
77                android:name="android.app.bundled_libs_resource_id"
77-->build-ShowSpace-Android_for_armeabi_v7a_arm64_v8a_x86_x86_64_Clang_Qt_5_14_0_for_Android-Debug\android-build\AndroidManifest.xml:40:24-75
78                android:resource="@array/bundled_libs" />
78-->build-ShowSpace-Android_for_armeabi_v7a_arm64_v8a_x86_x86_64_Clang_Qt_5_14_0_for_Android-Debug\android-build\AndroidManifest.xml:40:76-114
79            <!-- Deploy Qt libs as part of package -->
80            <meta-data
80-->build-ShowSpace-Android_for_armeabi_v7a_arm64_v8a_x86_x86_64_Clang_Qt_5_14_0_for_Android-Debug\android-build\AndroidManifest.xml:42:13-91
81                android:name="android.app.bundle_local_qt_libs"
81-->build-ShowSpace-Android_for_armeabi_v7a_arm64_v8a_x86_x86_64_Clang_Qt_5_14_0_for_Android-Debug\android-build\AndroidManifest.xml:42:24-71
82                android:value="1" />
82-->build-ShowSpace-Android_for_armeabi_v7a_arm64_v8a_x86_x86_64_Clang_Qt_5_14_0_for_Android-Debug\android-build\AndroidManifest.xml:42:72-89
83
84            <!-- Run with local libs -->
85            <meta-data
85-->build-ShowSpace-Android_for_armeabi_v7a_arm64_v8a_x86_x86_64_Clang_Qt_5_14_0_for_Android-Debug\android-build\AndroidManifest.xml:45:13-88
86                android:name="android.app.use_local_qt_libs"
86-->build-ShowSpace-Android_for_armeabi_v7a_arm64_v8a_x86_x86_64_Clang_Qt_5_14_0_for_Android-Debug\android-build\AndroidManifest.xml:45:24-68
87                android:value="1" />
87-->build-ShowSpace-Android_for_armeabi_v7a_arm64_v8a_x86_x86_64_Clang_Qt_5_14_0_for_Android-Debug\android-build\AndroidManifest.xml:45:69-86
88            <meta-data
88-->build-ShowSpace-Android_for_armeabi_v7a_arm64_v8a_x86_x86_64_Clang_Qt_5_14_0_for_Android-Debug\android-build\AndroidManifest.xml:46:13-100
89                android:name="android.app.libs_prefix"
89-->build-ShowSpace-Android_for_armeabi_v7a_arm64_v8a_x86_x86_64_Clang_Qt_5_14_0_for_Android-Debug\android-build\AndroidManifest.xml:46:24-62
90                android:value="/data/local/tmp/qt/" />
90-->build-ShowSpace-Android_for_armeabi_v7a_arm64_v8a_x86_x86_64_Clang_Qt_5_14_0_for_Android-Debug\android-build\AndroidManifest.xml:46:63-98
91            <meta-data
91-->build-ShowSpace-Android_for_armeabi_v7a_arm64_v8a_x86_x86_64_Clang_Qt_5_14_0_for_Android-Debug\android-build\AndroidManifest.xml:47:13-122
92                android:name="android.app.load_local_libs_resource_id"
92-->build-ShowSpace-Android_for_armeabi_v7a_arm64_v8a_x86_x86_64_Clang_Qt_5_14_0_for_Android-Debug\android-build\AndroidManifest.xml:47:24-78
93                android:resource="@array/load_local_libs" />
93-->build-ShowSpace-Android_for_armeabi_v7a_arm64_v8a_x86_x86_64_Clang_Qt_5_14_0_for_Android-Debug\android-build\AndroidManifest.xml:47:79-120
94            <meta-data
94-->build-ShowSpace-Android_for_armeabi_v7a_arm64_v8a_x86_x86_64_Clang_Qt_5_14_0_for_Android-Debug\android-build\AndroidManifest.xml:48:13-147
95                android:name="android.app.load_local_jars"
95-->build-ShowSpace-Android_for_armeabi_v7a_arm64_v8a_x86_x86_64_Clang_Qt_5_14_0_for_Android-Debug\android-build\AndroidManifest.xml:48:24-66
96                android:value="jar/QtAndroidBearer.jar:jar/QtMultimedia.jar:jar/QtAndroid.jar" />
96-->build-ShowSpace-Android_for_armeabi_v7a_arm64_v8a_x86_x86_64_Clang_Qt_5_14_0_for_Android-Debug\android-build\AndroidManifest.xml:48:67-145
97            <meta-data
97-->build-ShowSpace-Android_for_armeabi_v7a_arm64_v8a_x86_x86_64_Clang_Qt_5_14_0_for_Android-Debug\android-build\AndroidManifest.xml:49:13-143
98                android:name="android.app.static_init_classes"
98-->build-ShowSpace-Android_for_armeabi_v7a_arm64_v8a_x86_x86_64_Clang_Qt_5_14_0_for_Android-Debug\android-build\AndroidManifest.xml:49:24-70
99                android:value="org.qtproject.qt5.android.multimedia.QtMultimediaUtils" />
99-->build-ShowSpace-Android_for_armeabi_v7a_arm64_v8a_x86_x86_64_Clang_Qt_5_14_0_for_Android-Debug\android-build\AndroidManifest.xml:49:71-141
100            <!-- Used to specify custom system library path to run with local system libs -->
101            <!-- <meta-data android:name="android.app.system_libs_prefix" android:value="/system/lib/"/> -->
102            <!-- Messages maps -->
103            <meta-data
103-->build-ShowSpace-Android_for_armeabi_v7a_arm64_v8a_x86_x86_64_Clang_Qt_5_14_0_for_Android-Debug\android-build\AndroidManifest.xml:53:13-122
104                android:name="android.app.ministro_not_found_msg"
104-->build-ShowSpace-Android_for_armeabi_v7a_arm64_v8a_x86_x86_64_Clang_Qt_5_14_0_for_Android-Debug\android-build\AndroidManifest.xml:53:71-120
105                android:value="@string/ministro_not_found_msg" />
105-->build-ShowSpace-Android_for_armeabi_v7a_arm64_v8a_x86_x86_64_Clang_Qt_5_14_0_for_Android-Debug\android-build\AndroidManifest.xml:53:24-70
106            <meta-data
106-->build-ShowSpace-Android_for_armeabi_v7a_arm64_v8a_x86_x86_64_Clang_Qt_5_14_0_for_Android-Debug\android-build\AndroidManifest.xml:54:13-116
107                android:name="android.app.ministro_needed_msg"
107-->build-ShowSpace-Android_for_armeabi_v7a_arm64_v8a_x86_x86_64_Clang_Qt_5_14_0_for_Android-Debug\android-build\AndroidManifest.xml:54:68-114
108                android:value="@string/ministro_needed_msg" />
108-->build-ShowSpace-Android_for_armeabi_v7a_arm64_v8a_x86_x86_64_Clang_Qt_5_14_0_for_Android-Debug\android-build\AndroidManifest.xml:54:24-67
109            <meta-data
109-->build-ShowSpace-Android_for_armeabi_v7a_arm64_v8a_x86_x86_64_Clang_Qt_5_14_0_for_Android-Debug\android-build\AndroidManifest.xml:55:13-108
110                android:name="android.app.fatal_error_msg"
110-->build-ShowSpace-Android_for_armeabi_v7a_arm64_v8a_x86_x86_64_Clang_Qt_5_14_0_for_Android-Debug\android-build\AndroidManifest.xml:55:64-106
111                android:value="@string/fatal_error_msg" />
111-->build-ShowSpace-Android_for_armeabi_v7a_arm64_v8a_x86_x86_64_Clang_Qt_5_14_0_for_Android-Debug\android-build\AndroidManifest.xml:55:24-63
112            <meta-data
112-->build-ShowSpace-Android_for_armeabi_v7a_arm64_v8a_x86_x86_64_Clang_Qt_5_14_0_for_Android-Debug\android-build\AndroidManifest.xml:56:13-132
113                android:name="android.app.unsupported_android_version"
113-->build-ShowSpace-Android_for_armeabi_v7a_arm64_v8a_x86_x86_64_Clang_Qt_5_14_0_for_Android-Debug\android-build\AndroidManifest.xml:56:76-130
114                android:value="@string/unsupported_android_version" />
114-->build-ShowSpace-Android_for_armeabi_v7a_arm64_v8a_x86_x86_64_Clang_Qt_5_14_0_for_Android-Debug\android-build\AndroidManifest.xml:56:24-75
115            <!-- Messages maps -->
116
117
118            <!-- Splash screen -->
119            <!--
120                 Orientation-specific (portrait/landscape) data is checked first. If not available for current orientation,
121                 then android.app.splash_screen_drawable. For best results, use together with splash_screen_sticky and
122                 use hideSplashScreen() with a fade-out animation from Qt Android Extras to hide the splash screen when you
123                 are done populating your window with content.
124            -->
125            <!-- meta-data android:name="android.app.splash_screen_drawable_portrait" android:resource="@drawable/logo_portrait" / -->
126            <!-- meta-data android:name="android.app.splash_screen_drawable_landscape" android:resource="@drawable/logo_landscape" / -->
127            <!-- meta-data android:name="android.app.splash_screen_drawable" android:resource="@drawable/logo"/ -->
128            <!-- meta-data android:name="android.app.splash_screen_sticky" android:value="true"/ -->
129            <!-- Splash screen -->
130
131
132            <!-- Background running -->
133            <!--
134                 Warning: changing this value to true may cause unexpected crashes if the
135                          application still try to draw after
136                          "applicationStateChanged(Qt::ApplicationSuspended)"
137                          signal is sent!
138            -->
139            <meta-data
139-->build-ShowSpace-Android_for_armeabi_v7a_arm64_v8a_x86_x86_64_Clang_Qt_5_14_0_for_Android-Debug\android-build\AndroidManifest.xml:75:13-93
140                android:name="android.app.background_running"
140-->build-ShowSpace-Android_for_armeabi_v7a_arm64_v8a_x86_x86_64_Clang_Qt_5_14_0_for_Android-Debug\android-build\AndroidManifest.xml:75:24-69
141                android:value="false" />
141-->build-ShowSpace-Android_for_armeabi_v7a_arm64_v8a_x86_x86_64_Clang_Qt_5_14_0_for_Android-Debug\android-build\AndroidManifest.xml:75:70-91
142            <!-- Background running -->
143
144
145            <!-- auto screen scale factor -->
146            <meta-data
146-->build-ShowSpace-Android_for_armeabi_v7a_arm64_v8a_x86_x86_64_Clang_Qt_5_14_0_for_Android-Debug\android-build\AndroidManifest.xml:79:13-99
147                android:name="android.app.auto_screen_scale_factor"
147-->build-ShowSpace-Android_for_armeabi_v7a_arm64_v8a_x86_x86_64_Clang_Qt_5_14_0_for_Android-Debug\android-build\AndroidManifest.xml:79:24-75
148                android:value="false" />
148-->build-ShowSpace-Android_for_armeabi_v7a_arm64_v8a_x86_x86_64_Clang_Qt_5_14_0_for_Android-Debug\android-build\AndroidManifest.xml:79:76-97
149            <!-- auto screen scale factor -->
150
151
152            <!-- extract android style -->
153            <!--
154                 available android:values :
155                * default - In most cases this will be the same as "full", but it can also be something else if needed, e.g., for compatibility reasons
156                * full - useful QWidget & Quick Controls 1 apps
157                * minimal - useful for Quick Controls 2 apps, it is much faster than "full"
158                * none - useful for apps that don't use any of the above Qt modules
159            -->
160            <meta-data
160-->build-ShowSpace-Android_for_armeabi_v7a_arm64_v8a_x86_x86_64_Clang_Qt_5_14_0_for_Android-Debug\android-build\AndroidManifest.xml:89:13-98
161                android:name="android.app.extract_android_style"
161-->build-ShowSpace-Android_for_armeabi_v7a_arm64_v8a_x86_x86_64_Clang_Qt_5_14_0_for_Android-Debug\android-build\AndroidManifest.xml:89:24-72
162                android:value="default" />
162-->build-ShowSpace-Android_for_armeabi_v7a_arm64_v8a_x86_x86_64_Clang_Qt_5_14_0_for_Android-Debug\android-build\AndroidManifest.xml:89:73-96
163            <!-- extract android style -->
164        </activity>
165
166        <!-- For adding service(s) please check: https://wiki.qt.io/AndroidServices -->
167
168    </application>
169
170</manifest>